<?xml version="1.0" encoding="UTF-8"?>
<Site BuildName="(empty)"
	BuildStamp="20230219-1314-Experimental"
	Name="(empty)"
	Generator="ctest-3.18.4"
	CompilerName=""
	CompilerVersion=""
	OSName="Linux"
	Hostname="raspberrypi"
	OSRelease="5.15.84-v7l+"
	OSVersion="#1613 SMP Thu Jan 5 12:01:26 GMT 2023"
	OSPlatform="armv7l"
	Is64Bits="0"
	VendorString=""
	VendorID="Unknown Manufacturer"
	FamilyID="7"
	ModelID="0"
	ProcessorCacheSize="0"
	NumberOfLogicalCPU="4"
	NumberOfPhysicalCPU="1"
	TotalVirtualMemory="99"
	TotalPhysicalMemory="7898"
	LogicalProcessorsPerPhysical="4"
	ProcessorClockFrequency="0"
	>
	<Testing>
		<StartDateTime>Feb 19 13:14 GMT</StartDateTime>
		<StartTestTime>1676812470</StartTestTime>
		<TestList>
			<Test>./test/Buzzer_Test</Test>
		</TestList>
		<Test Status="failed">
			<Name>Buzzer_Test</Name>
			<Path>./test</Path>
			<FullName>./test/Buzzer_Test</FullName>
			<FullCommandLine>/home/pi/xddcore/SleepPanda/build/test/Buzzer_Test</FullCommandLine>
			<Results>
				<NamedMeasurement type="text/string" name="Exit Code">
					<Value>Failed</Value>
				</NamedMeasurement>
				<NamedMeasurement type="text/string" name="Exit Value">
					<Value>1</Value>
				</NamedMeasurement>
				<NamedMeasurement type="numeric/double" name="Execution Time">
					<Value>0.0115994</Value>
				</NamedMeasurement>
				<NamedMeasurement type="numeric/double" name="Processors">
					<Value>1</Value>
				</NamedMeasurement>
				<NamedMeasurement type="text/string" name="Completion Status">
					<Value>Completed</Value>
				</NamedMeasurement>
				<NamedMeasurement type="text/string" name="Command Line">
					<Value>/home/pi/xddcore/SleepPanda/build/test/Buzzer_Test</Value>
				</NamedMeasurement>
				<NamedMeasurement type="text/string" name="Environment">
					<Value>#CTEST_RESOURCE_GROUP_COUNT=</Value>
				</NamedMeasurement>
				<Measurement>
					<Value encoding="base64" compression="gzip">eJyVUk1PAjEQvfdXTDgYMLLVgx428YAChmiUsBhjkJCyO+s2dtvaD0F/vWUXDRBMcJI2Tfs6M++9IUOBzCKkSubclLAo0BVoIGww919f4WiVl5mF5jO9b8VkcvkbUxh5Kbl8hTNwaB3kRpU/Z+u5w4hM2r8xhRuh5kzU7yg/uFGyRBmw6Npe74A3c15VnczG4YJMYPR4D1VMNx+i6wLTt9kgn60vk6pvMhoOoNu7eryJ12jQ/FVzBVxyx5ngljmuJOSMC8yiPfgHGRFaqBKp5nSZZakySBOBqIdMZoxak1KmNa3hdNU23Wws1To+O4+hHyp4g6S31Jg6zADffajvPkHlK8GDDR9MeLQxAWg8N8LeDL4EEdKCmePW0S1+zhUz2WwgtXdkJcFTwdMCuI2h8bLs97fXRWMfmzzfR7KLAivDAPqdwV2ve5i80DyF0rYOsq7GglOOiRY5bDQcMtPO1EJuD95fAweGyWi7TiA07CRJTei0wtodmnWGEwizsLJljkIt4v8qQUjIs/4w7iVj8g012hMp====</Value>
				</Measurement>
			</Results>
		</Test>
		<EndDateTime>Feb 19 13:14 GMT</EndDateTime>
		<EndTestTime>1676812470</EndTestTime>
		<ElapsedMinutes>0</ElapsedMinutes>
	</Testing>
</Site>
