Start testing: Feb 18 12:12 GMT
----------------------------------------------------------
1/1 Testing: Buzzer_Test
1/1 Test: Buzzer_Test
Command: "/home/pi/xddcore/SleepPanda/src/app/Buzzer/build/test/Buzzer_Test"
Directory: /home/pi/xddcore/SleepPanda/src/app/Buzzer/build/test
"Buzzer_Test" start time: Feb 18 12:12 GMT
Output:
----------------------------------------------------------

Please confirm whether the buzzer sounds (Y/N):
[==========] Running 1 test from 1 test suite.
[----------] Global test environment set-up.
[----------] 1 test from Buzzer_Test
[ RUN      ] Buzzer_Test.Check_If_Buzzer_Sounds
RPI DEBUG: Buzzer pigpio initialised okay.
RPI DEBUG: Buzzer On.
/home/pi/xddcore/SleepPanda/src/app/Buzzer/test/Buzzer_Test.cpp:13: Failure
Expected equality of these values:
  "Y"
  (const char*)&Keyboard_Input
    Which is: "N"
RPI DEBUG: Buzzer Off.
RPI DEBUG: Buzzer Delete.
[  FAILED  ] Buzzer_Test.Check_If_Buzzer_Sounds (8439 ms)
[----------] 1 test from Buzzer_Test (8439 ms total)

[----------] Global test environment tear-down
[==========] 1 test from 1 test suite ran. (8439 ms total)
[  PASSED  ] 0 tests.
[  FAILED  ] 1 test, listed below:
[  FAILED  ] Buzzer_Test.Check_If_Buzzer_Sounds

 1 FAILED TEST
<end of output>
Test time =   8.45 sec
----------------------------------------------------------
Test Failed.
"Buzzer_Test" end time: Feb 18 12:12 GMT
"Buzzer_Test" time elapsed: 00:00:08
----------------------------------------------------------

End testing: Feb 18 12:12 GMT
